\BOOKMARK [0][-]{chapter*.2}{\376\377\000P\000r\000e\000f\000a\000c\000e}{}% 1
\BOOKMARK [1][-]{section*.3}{\376\377\000I\000n\000t\000r\000o\000d\000u\000c\000t\000i\000o\000n}{chapter*.2}% 2
\BOOKMARK [0][-]{chapter.1}{\376\377\000A\000b\000o\000u\000t}{}% 3
\BOOKMARK [1][-]{section.1.1}{\376\377\000A\000b\000o\000u\000t\000\040\000i\000D\000E}{chapter.1}% 4
\BOOKMARK [1][-]{section.1.2}{\376\377\000A\000b\000o\000u\000t\000\040\000i\000D\000E\000\040\000P\000r\000o\000j\000e\000c\000t\000s}{chapter.1}% 5
\BOOKMARK [1][-]{section.1.3}{\376\377\000A\000b\000o\000u\000t\000\040\000i\000D\000E\000\040\000M\000E\000R\000L\000\040\000S\000y\000s\000t\000e\000m}{chapter.1}% 6
\BOOKMARK [0][-]{chapter.2}{\376\377\000G\000e\000n\000e\000r\000a\000l\000\040\000M\000E\000R\000L\000\040\000S\000t\000a\000n\000d\000a\000r\000d}{}% 7
\BOOKMARK [1][-]{section.2.1}{\376\377\000C\000h\000a\000p\000t\000e\000r\000s\000\040\000a\000n\000d\000\040\000s\000u\000b\000-\000c\000h\000a\000p\000t\000e\000r\000s}{chapter.2}% 8
\BOOKMARK [1][-]{section.2.2}{\376\377\000C\000a\000p\000t\000i\000o\000n\000e\000d\000\040\000f\000i\000g\000u\000r\000e\000s\000\040\000a\000n\000d\000\040\000t\000a\000b\000l\000e\000s}{chapter.2}% 9
\BOOKMARK [0][-]{chapter.3}{\376\377\000M\000E\000R\000L\000\040\000S\000y\000s\000t\000e\000m\000\040\000f\000o\000r\000\040\000O\000P\000O\000R\000A\000J\000I\000T\000A}{}% 10
\BOOKMARK [0][-]{chapter.4}{\376\377\000M\000E\000R\000L\000\040\000S\000y\000s\000t\000e\000m\000\040\000f\000o\000r\000\040\000B\000N\000A}{}% 11
\BOOKMARK [1][-]{section.4.1}{\376\377\000F\000o\000o\000t\000n\000o\000t\000e\000s}{chapter.4}% 12
\BOOKMARK [1][-]{section.4.2}{\376\377\000C\000i\000t\000a\000t\000i\000o\000n\000s}{chapter.4}% 13
\BOOKMARK [0][-]{chapter.5}{\376\377\000M\000E\000R\000L\000\040\000S\000y\000s\000t\000e\000m\000\040\000f\000o\000r\000\040\000C\000C\000S\000U}{}% 14
\BOOKMARK [1][-]{section.5.1}{\376\377\000E\000q\000u\000a\000t\000i\000o\000n\000s}{chapter.5}% 15
\BOOKMARK [1][-]{section.5.2}{\376\377\000T\000h\000e\000o\000r\000e\000m\000s\000\040\000a\000n\000d\000\040\000p\000r\000o\000o\000f\000s}{chapter.5}% 16
\BOOKMARK [1][-]{section.5.3}{\376\377\000C\000a\000l\000l\000o\000u\000t\000\040\000b\000l\000o\000c\000k\000s}{chapter.5}% 17
\BOOKMARK [0][-]{chapter.6}{\376\377\000M\000E\000R\000L\000\040\000S\000y\000s\000t\000e\000m\000\040\000f\000o\000r\000\040\000B\0004\000C\000A}{}% 18
\BOOKMARK [1][-]{section.6.1}{\376\377\000P\000u\000b\000l\000i\000s\000h\000i\000n\000g}{chapter.6}% 19
\BOOKMARK [1][-]{section.6.2}{\376\377\0004\0000\0004\000\040\000p\000a\000g\000e\000s}{chapter.6}% 20
\BOOKMARK [1][-]{section.6.3}{\376\377\000M\000e\000t\000a\000d\000a\000t\000a\000\040\000f\000o\000r\000\040\000s\000h\000a\000r\000i\000n\000g}{chapter.6}% 21
\BOOKMARK [0][-]{chapter.7}{\376\377\000M\000E\000R\000L\000\040\000S\000y\000s\000t\000e\000m\000\040\000f\000o\000r\000\040\000C\000S\000I\000S\000A\000-\000M\000E\000A}{}% 22
\BOOKMARK [0][-]{chapter.8}{\376\377\000M\000E\000R\000L\000\040\000S\000y\000s\000t\000e\000m\000\040\000f\000o\000r\000\040\000U\000d\000d\000o\000k\000t\000a}{}% 23
\BOOKMARK [0][-]{chapter.9}{\376\377\000M\000E\000R\000L\000\040\000S\000y\000s\000t\000e\000m\000\040\000f\000o\000r\000\040\000N\000O\000B\000O\000P\000O\000L\000L\000O\000B}{}% 24
\BOOKMARK [0][-]{chapter.10}{\376\377\000M\000E\000R\000L\000\040\000S\000y\000s\000t\000e\000m\000\040\000f\000o\000r\000\040\000S\000a\000n\000M\000a\000r\000k\000s}{}% 25
\BOOKMARK [0][-]{chapter.11}{\376\377\000M\000E\000R\000L\000\040\000S\000y\000s\000t\000e\000m\000\040\000f\000o\000r\000\040\000P\000S\000M\000-\000|\000|}{}% 26
